0 info it worked if it ends with ok
1 verbose cli [ '/usr/bin/nodejs', '/usr/bin/npm', 'install', '-g', 'yarn' ]
2 info using npm@3.5.2
3 info using node@v4.2.6
4 silly loadCurrentTree Starting
5 silly install loadCurrentTree
6 silly install readGlobalPackageData
7 silly fetchPackageMetaData yarn
8 silly fetchNamedPackageData yarn
9 silly mapToRegistry name yarn
10 silly mapToRegistry using default registry
11 silly mapToRegistry registry https://registry.npmjs.org/
12 silly mapToRegistry uri https://registry.npmjs.org/yarn
13 verbose request uri https://registry.npmjs.org/yarn
14 verbose request no auth needed
15 info attempt registry request try #1 at 11:05:38 AM
16 verbose request id a692760147fdf8c7
17 http request GET https://registry.npmjs.org/yarn
18 http 200 https://registry.npmjs.org/yarn
19 verbose headers { 'content-type': 'application/json; charset=UTF-8',
19 verbose headers   server: 'UploadServer',
19 verbose headers   'cache-control': 'max-age=300',
19 verbose headers   'last-modified': 'Wed, 21 Feb 2018 19:43:23 GMT',
19 verbose headers   etag: '"5a8dcbdb-33fab"',
19 verbose headers   'x-npm-region': 'EU-West',
19 verbose headers   'content-encoding': 'gzip',
19 verbose headers   'content-length': '12592',
19 verbose headers   'accept-ranges': 'bytes',
19 verbose headers   date: 'Thu, 22 Feb 2018 11:05:42 GMT',
19 verbose headers   via: '1.1 varnish',
19 verbose headers   age: '11991',
19 verbose headers   connection: 'keep-alive',
19 verbose headers   'x-served-by': 'cache-lcy19243-LCY',
19 verbose headers   'x-cache': 'HIT',
19 verbose headers   'x-cache-hits': '29',
19 verbose headers   'x-timer': 'S1519297543.949345,VS0,VE0',
19 verbose headers   vary: 'Accept-Encoding, Accept' }
20 silly get cb [ 200,
20 silly get   { 'content-type': 'application/json; charset=UTF-8',
20 silly get     server: 'UploadServer',
20 silly get     'cache-control': 'max-age=300',
20 silly get     'last-modified': 'Wed, 21 Feb 2018 19:43:23 GMT',
20 silly get     etag: '"5a8dcbdb-33fab"',
20 silly get     'x-npm-region': 'EU-West',
20 silly get     'content-encoding': 'gzip',
20 silly get     'content-length': '12592',
20 silly get     'accept-ranges': 'bytes',
20 silly get     date: 'Thu, 22 Feb 2018 11:05:42 GMT',
20 silly get     via: '1.1 varnish',
20 silly get     age: '11991',
20 silly get     connection: 'keep-alive',
20 silly get     'x-served-by': 'cache-lcy19243-LCY',
20 silly get     'x-cache': 'HIT',
20 silly get     'x-cache-hits': '29',
20 silly get     'x-timer': 'S1519297543.949345,VS0,VE0',
20 silly get     vary: 'Accept-Encoding, Accept' } ]
21 verbose get saving yarn to /home/mihaylv/.npm/registry.npmjs.org/yarn/.cache.json
22 silly install normalizeTree
23 silly loadCurrentTree Finishing
24 silly loadIdealTree Starting
25 silly install loadIdealTree
26 silly cloneCurrentTree Starting
27 silly install cloneCurrentTreeToIdealTree
28 silly cloneCurrentTree Finishing
29 silly loadShrinkwrap Starting
30 silly install loadShrinkwrap
31 silly loadShrinkwrap Finishing
32 silly loadAllDepsIntoIdealTree Starting
33 silly install loadAllDepsIntoIdealTree
34 silly resolveWithNewModule yarn@1.3.2 checking installable status
35 silly cache add args [ 'yarn', null ]
36 verbose cache add spec yarn
37 silly cache add parsed spec Result {
37 silly cache add   raw: 'yarn',
37 silly cache add   scope: null,
37 silly cache add   name: 'yarn',
37 silly cache add   rawSpec: '',
37 silly cache add   spec: 'latest',
37 silly cache add   type: 'tag' }
38 silly addNamed yarn@latest
39 verbose addNamed "latest" is being treated as a dist-tag for yarn
40 info addNameTag [ 'yarn', 'latest' ]
41 silly mapToRegistry name yarn
42 silly mapToRegistry using default registry
43 silly mapToRegistry registry https://registry.npmjs.org/
44 silly mapToRegistry uri https://registry.npmjs.org/yarn
45 verbose addNameTag registry:https://registry.npmjs.org/yarn not in flight; fetching
46 verbose get https://registry.npmjs.org/yarn not expired, no request
47 silly addNameTag next cb for yarn with tag latest
48 silly addNamed yarn@1.3.2
49 verbose addNamed "1.3.2" is a plain semver version for yarn
50 warn deprecated yarn@1.3.2: It is recommended to install Yarn using the native installation method for your environment. See https://yarnpkg.com/en/docs/install
51 silly mapToRegistry name yarn
52 silly mapToRegistry using default registry
53 silly mapToRegistry registry https://registry.npmjs.org/
54 silly mapToRegistry uri https://registry.npmjs.org/yarn
55 verbose addRemoteTarball https://registry.npmjs.org/yarn/-/yarn-1.3.2.tgz not in flight; adding
56 verbose addRemoteTarball [ 'https://registry.npmjs.org/yarn/-/yarn-1.3.2.tgz',
56 verbose addRemoteTarball   '5939762581b5b4ddcd3418c0f6be42df3aee195f' ]
57 info retry fetch attempt 1 at 11:05:38 AM
58 info attempt registry request try #1 at 11:05:38 AM
59 http fetch GET https://registry.npmjs.org/yarn/-/yarn-1.3.2.tgz
60 http fetch 200 https://registry.npmjs.org/yarn/-/yarn-1.3.2.tgz
61 silly fetchAndShaCheck shasum 5939762581b5b4ddcd3418c0f6be42df3aee195f
62 verbose addTmpTarball /tmp/npm-14753-87999de9/registry.npmjs.org/yarn/-/yarn-1.3.2.tgz not in flight; adding
63 verbose addTmpTarball already have metadata; skipping unpack for yarn@1.3.2
64 silly cache afterAdd yarn@1.3.2
65 verbose afterAdd /home/mihaylv/.npm/yarn/1.3.2/package/package.json not in flight; writing
66 verbose afterAdd /home/mihaylv/.npm/yarn/1.3.2/package/package.json written
67 silly loadAllDepsIntoIdealTree Finishing
68 silly idealTree:prePrune lib
68 silly idealTree:prePrune └── yarn@1.3.2
69 silly loadIdealTree Finishing
70 silly currentTree lib
71 silly idealTree lib
71 silly idealTree └── yarn@1.3.2
72 silly generateActionsToTake Starting
73 silly install generateActionsToTake
74 warn checkPermissions Missing write access to /usr/local/lib/node_modules
75 silly rollbackFailedOptional Starting
76 silly rollbackFailedOptional Finishing
77 silly runTopLevelLifecycles Starting
78 silly runTopLevelLifecycles Finishing
79 silly install printInstalled
80 verbose stack Error: EACCES: permission denied, access '/usr/local/lib/node_modules'
80 verbose stack     at Error (native)
81 verbose cwd /home/mihaylv/App/rulsoft-front-end
82 error Linux 4.10.0-28-generic
83 error argv "/usr/bin/nodejs" "/usr/bin/npm" "install" "-g" "yarn"
84 error node v4.2.6
85 error npm  v3.5.2
86 error path /usr/local/lib/node_modules
87 error code EACCES
88 error errno -13
89 error syscall access
90 error Error: EACCES: permission denied, access '/usr/local/lib/node_modules'
90 error     at Error (native)
90 error  { [Error: EACCES: permission denied, access '/usr/local/lib/node_modules']
90 error   errno: -13,
90 error   code: 'EACCES',
90 error   syscall: 'access',
90 error   path: '/usr/local/lib/node_modules' }
91 error Please try running this command again as root/Administrator.
92 verbose exit [ -13, true ]
